[LOG] System::create                           : Header version = 2.00.11. Current version = 2.00.11.
[LOG] Manager::init                            : maxchannels = 256 studioflags = 00000006 flags 00000000 extradriverdata 0000000000000000.
[LOG] SystemI::init                            : Initialize version=20011 (110856), maxchannels=256, flags=0x00020000
[LOG] SystemI::setOutputInternal               : Setting output to 'FMOD WASAPI Output'
[LOG] OutputWASAPI::init                       : Mix Format (WAVEFORMATEX): wFormatTag=0xFFFE, nChannels=2, nSamplesPerSec=48000, nAvgBytesPerSec=384000, nBlockAlign=8, wBitsPerSample=32, cbSize=22.
[LOG] OutputWASAPI::init                       : Mix Format (WAVEFORMATEXTENSIBLE): wValidBitsPerSample=32, dwChannelMask=0x00000003, SubFormat=00000003-0000-0010-8000-00AA00389B71.
[LOG] OutputWASAPI::init                       : Output buffer size: 4096 samples, latency: 0.00ms, period: 10.00ms, DSP buffer: 1024 * 4
[LOG] Thread::initThread                       : Init FMOD stream thread. Priority: 2, Stack Size: 98304, Semaphore: No, Sleep Time: 10, Looping: Yes.
[LOG] Thread::initThread                       : Init FMOD mixer thread. Priority: 3, Stack Size: 81920, Semaphore: No, Sleep Time: 0, Looping: Yes.
[LOG] AsyncManager::init                       : manager 000001FD1C425398 isAsync 0 updatePeriod 0.02
[LOG] AsyncManager::init                       : done
[LOG] PlaybackSystem::init                     : 
[LOG] Thread::initThread                       : Init FMOD Studio sample load thread. Priority: 0, Stack Size: 98304, Semaphore: No, Sleep Time: 1, Looping: No.
[LOG] PlaybackSystem::init                     : done
[LOG] Thread::initThread                       : Init FMOD Studio bank load thread. Priority: 0, Stack Size: 98304, Semaphore: No, Sleep Time: 1, Looping: No.
[LOG] Manager::init                            : done.
[LOG] Manager::readBank                        : fileversion = 125, compatVersion = 119 (oldest = 44, newest = 125)
[LOG] SystemI::createSoundInternal             : Create name='', mode=0x02000202
[LOG] SystemI::createSoundInternal             : exinfo->cbsize             = 224
[LOG] SystemI::createSoundInternal             : exinfo->length             = 2494752
[LOG] SystemI::createSoundInternal             : exinfo->fileoffset         = 47456
[LOG] SystemI::createSoundInternal             : exinfo->numsubsounds       = 1
[LOG] SystemI::createSoundInternal             : exinfo->inclusionlist      = 000000841767F25C
[LOG] SystemI::createSoundInternal             : exinfo->inclusionlistnum   = 1
[LOG] SystemI::createSoundInternal             : exinfo->suggestedsoundtype = 5
[LOG] SystemI::createSoundInternal             : exinfo->useropen           = 00007FFA31BCC340
[LOG] SystemI::createSoundInternal             : exinfo->userclose          = 00007FFA31BCC310
[LOG] SystemI::createSoundInternal             : exinfo->userread           = 00007FFA31BCC410
[LOG] SystemI::createSoundInternal             : exinfo->userseek           = 00007FFA31BCC4D0
[LOG] SystemI::createSoundInternal             : exinfo->fileuserdata       = 000001FD14E15068
[LOG] SystemI::createSoundInternal             : exinfo->initialseekpostype = 1
[LOG] SystemI::DSPCodecPoolRegister            : register codec pool for pool type 5
[LOG] SystemI::createSoundInternal             : Sample 0/1: name='508578__wdomino__boulderpush', format=2, channels=1, frequency=48000, lengthbytes=12544, lengthpcm=78088, pcmblocksize=0, loopstart=0, loopend=0, mode=0x00000000, channelmask=0x00000000, channelorder=0, peakvolume=0.061687.
[LOG] Manager::readBank                        : fileversion = 125, compatVersion = 119 (oldest = 44, newest = 125)
[LOG] Manager::readBank                        : fileversion = 125, compatVersion = 119 (oldest = 44, newest = 125)
[LOG] SystemI::createSound                     : filename = Assets/StreamingAssets/OST.bank : mode 02010082
[LOG] SystemI::createSound                     : FMOD_NONBLOCKING specified.  Putting into queue to be opened asynchronously!
[LOG] SystemI::createSound                     : setdata soundi = 000001FD50AAD628 : node = 000001FCF57020B0
[LOG] SystemI::createSound                     : add node to async list : head = 000001FC2F988408.  list count = 0
[LOG] AsyncThread::threadFunc                  : Starting Asynchronous operation on sound 000001FD50AAD628
[LOG] SystemI::createSoundInternal             :     Create name='Assets/StreamingAssets/OST.bank', mode=0x02010082
[LOG] SystemI::createSoundInternal             :     exinfo->cbsize             = 224
[LOG] SystemI::createSoundInternal             :     exinfo->length             = 6071360
[LOG] SystemI::createSoundInternal             :     exinfo->fileoffset         = 5728
[LOG] SystemI::createSoundInternal             :     exinfo->numsubsounds       = 1
[LOG] SystemI::createSoundInternal             :     exinfo->inclusionlist      = 000001FCF57021C0
[LOG] SystemI::createSoundInternal             :     exinfo->inclusionlistnum   = 1
[LOG] SystemI::createSoundInternal             :     exinfo->suggestedsoundtype = 5
[LOG] SystemI::createSoundInternal             :     exinfo->initialseekpostype = 1
[LOG] SystemI::createSoundInternal             :     Stream 0/1: name='Beto - Soundtrack3', format=2, channels=2, frequency=48000, lengthbytes=1433504, lengthpcm=4785845, pcmblocksize=0, loopstart=0, loopend=4785229, mode=0x00000000, channelmask=0x00000000, channelorder=0, peakvolume=0.973022.
[LOG] SystemI::createSound                     :     filename = Assets/StreamingAssets/Ambient.bank : mode 02010082
[LOG] SystemI::createSound                     :     FMOD_NONBLOCKING specified.  Putting into queue to be opened asynchronously!
[LOG] SystemI::createSound                     :     setdata soundi = 000001FD50AAE1F8 : node = 000001FCF5701CF0
[LOG] SystemI::createSound                     :     add node to async list : head = 000001FC2F988408.  list count = 0
[LOG] AsyncThread::threadFunc                  : Finished Asynchronous operation on sound 000001FD50AAD628
[LOG] AsyncThread::threadFunc                  : Starting Asynchronous operation on sound 000001FD50AAE1F8
[LOG] SystemI::createSoundInternal             :     Create name='Assets/StreamingAssets/Ambient.bank', mode=0x02010082
[LOG] SystemI::createSoundInternal             :     exinfo->cbsize             = 224
[LOG] SystemI::createSoundInternal             :     exinfo->length             = 833536
[LOG] SystemI::createSoundInternal             :     exinfo->fileoffset         = 2112
[LOG] SystemI::createSoundInternal             :     exinfo->numsubsounds       = 1
[LOG] SystemI::createSoundInternal             :     exinfo->inclusionlist      = 000001FCF5701E00
[LOG] SystemI::createSoundInternal             :     exinfo->inclusionlistnum   = 1
[LOG] SystemI::createSoundInternal             :     exinfo->suggestedsoundtype = 5
[LOG] SystemI::createSoundInternal             :     exinfo->initialseekpostype = 1
[LOG] SystemI::createSoundInternal             :     Stream 0/1: name='ambientMine', format=2, channels=2, frequency=48000, lengthbytes=832832, lengthpcm=3495811, pcmblocksize=0, loopstart=0, loopend=0, mode=0x00000000, channelmask=0x00000000, channelorder=0, peakvolume=0.559116.
[LOG] AsyncThread::threadFunc                  : Finished Asynchronous operation on sound 000001FD50AAE1F8
[LOG] SoundI::getSubSound                      : sound 000001FD50AAD628.  Subsound index 0 / 1
[LOG] SoundI::getSubSound                      : starting non blocking seek and setting sound to not ready state
[LOG] SoundI::getSubSound                      : finished preparing nonblocking getSubSound seek
[LOG] AsyncThread::threadFunc                  : Starting Asynchronous operation on sound 000001FD500B4288
[LOG] SoundI::getSubSound                      : sound 000001FD50AAE1F8.  Subsound index 0 / 1
[LOG] AsyncThread::threadFunc                  :     done setposition
[LOG] AsyncThread::threadFunc                  :     done flush
[LOG] AsyncThread::threadFunc                  : Finished Asynchronous operation on sound 000001FD500B4288
[LOG] SoundI::release                          : Beto - Soundtrack1 (000001FD9C1F93F8)
[LOG] SoundI::release                          :     Beto - Soundtrack1 (000001FC3316A6C8)
[LOG] SoundI::release                          :     Beto - Soundtrack1 (000001FD15F95E58)
[LOG] SystemI::createSound                     : filename = Assets/StreamingAssets/SFX.bank : mode 02010082
[LOG] SystemI::createSound                     : FMOD_NONBLOCKING specified.  Putting into queue to be opened asynchronously!
[LOG] SystemI::createSound                     : setdata soundi = 000001FD50AADB38 : node = 000001FCF57021F0
[LOG] SystemI::createSound                     : add node to async list : head = 000001FC2F988408.  list count = 0
[LOG] AsyncThread::threadFunc                  : Starting Asynchronous operation on sound 000001FD50AADB38
[LOG] SystemI::createSoundInternal             :     Create name='Assets/StreamingAssets/SFX.bank', mode=0x02010082
[LOG] SystemI::createSoundInternal             :     exinfo->cbsize             = 224
[LOG] SystemI::createSoundInternal             :     exinfo->length             = 2494752
[LOG] SystemI::createSoundInternal             :     exinfo->fileoffset         = 47456
[LOG] SystemI::createSoundInternal             :     exinfo->numsubsounds       = 1
[LOG] SystemI::createSoundInternal             :     exinfo->inclusionlist      = 000001FCF5702300
[LOG] SystemI::createSoundInternal             :     exinfo->inclusionlistnum   = 1
[LOG] SystemI::createSoundInternal             :     exinfo->suggestedsoundtype = 5
[LOG] SystemI::createSoundInternal             :     exinfo->initialseekpostype = 1
[LOG] SystemI::createSoundInternal             :     Stream 0/1: name='459964__florianreichelt__footsteps-on-concrete', format=2, channels=2, frequency=48000, lengthbytes=166080, lengthpcm=952946, pcmblocksize=0, loopstart=0, loopend=0, mode=0x00000000, channelmask=0x00000000, channelorder=0, peakvolume=0.139435.
[LOG] AsyncThread::threadFunc                  : Finished Asynchronous operation on sound 000001FD50AADB38
[LOG] SoundI::getSubSound                      : sound 000001FD50AADB38.  Subsound index 0 / 1
[LOG] SystemI::createSound                     : filename = Assets/StreamingAssets/SFX.bank : mode 02010082
[LOG] SystemI::createSound                     : FMOD_NONBLOCKING specified.  Putting into queue to be opened asynchronously!
[LOG] SystemI::createSound                     : setdata soundi = 000001FD50AAE048 : node = 000001FCF5702330
[LOG] SystemI::createSound                     : add node to async list : head = 000001FC2F988408.  list count = 0
[LOG] AsyncThread::threadFunc                  : Starting Asynchronous operation on sound 000001FD50AAE048
[LOG] SystemI::createSoundInternal             :     Create name='Assets/StreamingAssets/SFX.bank', mode=0x02010082
[LOG] SystemI::createSoundInternal             :     exinfo->cbsize             = 224
[LOG] SystemI::createSoundInternal             :     exinfo->length             = 2494752
[LOG] SystemI::createSoundInternal             :     exinfo->fileoffset         = 47456
[LOG] SystemI::createSoundInternal             :     exinfo->numsubsounds       = 1
[LOG] SystemI::createSoundInternal             :     exinfo->inclusionlist      = 000001FCF5702440
[LOG] SystemI::createSoundInternal             :     exinfo->inclusionlistnum   = 1
[LOG] SystemI::createSoundInternal             :     exinfo->suggestedsoundtype = 5
[LOG] SystemI::createSoundInternal             :     exinfo->initialseekpostype = 1
[LOG] SystemI::createSoundInternal             :     Stream 0/1: name='459964__florianreichelt__footsteps-on-concrete', format=2, channels=2, frequency=48000, lengthbytes=166080, lengthpcm=952946, pcmblocksize=0, loopstart=0, loopend=0, mode=0x00000000, channelmask=0x00000000, channelorder=0, peakvolume=0.139435.
[LOG] AsyncThread::threadFunc                  : Finished Asynchronous operation on sound 000001FD50AAE048
[LOG] SoundI::getSubSound                      : sound 000001FD50AAE048.  Subsound index 0 / 1
[LOG] SoundI::release                          : 459964__florianreichelt__footsteps-on-concrete (000001FD50AADB38)
[LOG] SoundI::release                          :     459964__florianreichelt__footsteps-on-concrete (000001FC300214A8)
[LOG] SoundI::release                          :     459964__florianreichelt__footsteps-on-concrete (000001FCCD690798)
[LOG] Manager::readBank                        : fileversion = 125, compatVersion = 119 (oldest = 44, newest = 125)
[LOG] SystemI::createSound                     : filename = Assets/StreamingAssets/SFX.bank : mode 02010082
[LOG] SystemI::createSound                     : FMOD_NONBLOCKING specified.  Putting into queue to be opened asynchronously!
[LOG] SystemI::createSound                     : setdata soundi = 000001FD50AADE98 : node = 000001FCF57021F0
[LOG] SystemI::createSound                     : add node to async list : head = 000001FC2F988408.  list count = 0
[LOG] AsyncThread::threadFunc                  : Starting Asynchronous operation on sound 000001FD50AADE98
[LOG] SystemI::createSoundInternal             :     Create name='Assets/StreamingAssets/SFX.bank', mode=0x02010082
[LOG] SystemI::createSoundInternal             :     exinfo->cbsize             = 224
[LOG] SystemI::createSoundInternal             :     exinfo->length             = 2494752
[LOG] SystemI::createSoundInternal             :     exinfo->fileoffset         = 47456
[LOG] SystemI::createSoundInternal             :     exinfo->numsubsounds       = 1
[LOG] SystemI::createSoundInternal             :     exinfo->inclusionlist      = 000001FCF5702300
[LOG] SystemI::createSoundInternal             :     exinfo->inclusionlistnum   = 1
[LOG] SystemI::createSoundInternal             :     exinfo->suggestedsoundtype = 5
[LOG] SystemI::createSoundInternal             :     exinfo->initialseekpostype = 1
[LOG] SystemI::createSoundInternal             :     Stream 0/1: name='459964__florianreichelt__footsteps-on-concrete', format=2, channels=2, frequency=48000, lengthbytes=166080, lengthpcm=952946, pcmblocksize=0, loopstart=0, loopend=0, mode=0x00000000, channelmask=0x00000000, channelorder=0, peakvolume=0.139435.
[LOG] AsyncThread::threadFunc                  : Finished Asynchronous operation on sound 000001FD50AADE98
[LOG] SoundI::getSubSound                      : sound 000001FD50AADE98.  Subsound index 0 / 1
[LOG] SoundI::release                          : 459964__florianreichelt__footsteps-on-concrete (000001FD50AAE048)
[LOG] SoundI::release                          :     459964__florianreichelt__footsteps-on-concrete (000001FC30021988)
[LOG] SoundI::release                          :     459964__florianreichelt__footsteps-on-concrete (000001FCCD693BE8)
[LOG] SoundI::release                          : 459964__florianreichelt__footsteps-on-concrete (000001FD50AADE98)
[LOG] SoundI::release                          :     459964__florianreichelt__footsteps-on-concrete (000001FC30022348)
[LOG] SoundI::release                          :     459964__florianreichelt__footsteps-on-concrete (000001FCCD690CA8)
[LOG] SystemI::createSound                     : filename = Assets/StreamingAssets/SFX.bank : mode 02010082
[LOG] SystemI::createSound                     : FMOD_NONBLOCKING specified.  Putting into queue to be opened asynchronously!
[LOG] SystemI::createSound                     : setdata soundi = 000001FD50AADE98 : node = 000001FCF57021F0
[LOG] SystemI::createSound                     : add node to async list : head = 000001FC2F988408.  list count = 0
[LOG] AsyncThread::threadFunc                  : Starting Asynchronous operation on sound 000001FD50AADE98
[LOG] SystemI::createSoundInternal             :     Create name='Assets/StreamingAssets/SFX.bank', mode=0x02010082
[LOG] SystemI::createSoundInternal             :     exinfo->cbsize             = 224
[LOG] SystemI::createSoundInternal             :     exinfo->length             = 2494752
[LOG] SystemI::createSoundInternal             :     exinfo->fileoffset         = 47456
[LOG] SystemI::createSoundInternal             :     exinfo->numsubsounds       = 1
[LOG] SystemI::createSoundInternal             :     exinfo->inclusionlist      = 000001FCF5702300
[LOG] SystemI::createSoundInternal             :     exinfo->inclusionlistnum   = 1
[LOG] SystemI::createSoundInternal             :     exinfo->suggestedsoundtype = 5
[LOG] SystemI::createSoundInternal             :     exinfo->initialseekpostype = 1
[LOG] SystemI::createSoundInternal             :     Stream 0/1: name='459964__florianreichelt__footsteps-on-concrete', format=2, channels=2, frequency=48000, lengthbytes=166080, lengthpcm=952946, pcmblocksize=0, loopstart=0, loopend=0, mode=0x00000000, channelmask=0x00000000, channelorder=0, peakvolume=0.139435.
[LOG] AsyncThread::threadFunc                  : Finished Asynchronous operation on sound 000001FD50AADE98
[LOG] SoundI::getSubSound                      : sound 000001FD50AADE98.  Subsound index 0 / 1
[LOG] SoundI::release                          : 459964__florianreichelt__footsteps-on-concrete (000001FD50AADE98)
[LOG] SoundI::release                          :     459964__florianreichelt__footsteps-on-concrete (000001FC300214A8)
[LOG] SoundI::release                          :     459964__florianreichelt__footsteps-on-concrete (000001FCCD690288)
[LOG] Manager::readBank                        : fileversion = 125, compatVersion = 119 (oldest = 44, newest = 125)
[LOG] Manager::readBank                        : fileversion = 125, compatVersion = 119 (oldest = 44, newest = 125)
[LOG] SoundI::release                          : ambientMine (000001FD50AAE1F8)
[LOG] SoundI::release                          :     ambientMine (000001FC30020FC8)
[LOG] SoundI::release                          :     ambientMine (000001FD500B5368)
[LOG] SoundI::release                          : Beto - Soundtrack3 (000001FD50AAD628)
[LOG] SoundI::release                          :     Beto - Soundtrack3 (000001FC300207A8)
[LOG] SoundI::release                          :     Beto - Soundtrack3 (000001FD500B4288)
[LOG] SoundI::release                          :  (000001FCFC4DD208)
[LOG] SoundI::release                          :     508578__wdomino__boulderpush (000001FC3001DF08)
[LOG] SoundI::release                          :  (000001FCFC4DD4E8)
[LOG] SoundI::release                          :     61307__mv4824__pick-axe (000001FC3316A868)
[LOG] Thread::callback                         : FMOD Studio update thread finished.
[LOG] Thread::callback                         : FMOD Studio bank load thread finished.
[LOG] Thread::callback                         : FMOD Studio sample load thread finished.
[LOG] LiveUpdate::release                      : 
[LOG] LiveUpdate::reset                        : Reset connection (reason Disconnected)
[LOG] Thread::callback                         : FMOD stream thread finished.
[LOG] Thread::callback                         : FMOD mixer thread finished.
[LOG] SystemI::close                           : Closed.
[LOG] Manager::readBank                        : fileversion = 125, compatVersion = 119 (oldest = 44, newest = 125)
[LOG] Manager::readBank                        : fileversion = 125, compatVersion = 119 (oldest = 44, newest = 125)
[LOG] Manager::readBank                        : fileversion = 125, compatVersion = 119 (oldest = 44, newest = 125)
[LOG] Manager::readBank                        : fileversion = 125, compatVersion = 119 (oldest = 44, newest = 125)
[LOG] PlaybackSystem::acquireMasterBus         : Setting master channel group format to 6
[LOG] Manager::readBank                        : fileversion = 125, compatVersion = 119 (oldest = 44, newest = 125)
[LOG] Manager::readBank                        : fileversion = 125, compatVersion = 119 (oldest = 44, newest = 125)
[LOG] Thread::callback                         : FMOD Studio bank load thread finished.
[LOG] Thread::callback                         : FMOD Studio sample load thread finished.
[LOG] LiveUpdate::release                      : 
[LOG] LiveUpdate::reset                        : Reset connection (reason Disconnected)
[LOG] Thread::callback                         : FMOD stream thread finished.
[LOG] Thread::callback                         : FMOD mixer thread finished.
[LOG] SystemI::close                           : Closed.
